Using pre-set license
Built from '2020.3/staging' branch; Version is '2020.3.26f1 (7298b473bc1a) revision 7510196'; Using compiler version '192528614'; Build Type 'Release'
OS: 'Windows 10  (10.0.19045) 64bit CoreSingleLanguage' Language: 'tr' Physical Memory: 32581 MB
BatchMode: 1, IsHumanControllingUs: 0, StartBugReporterOnCrash: 0, Is64bit: 1, IsPro: 0

COMMAND LINE ARGUMENTS:
C:\Program Files\Unity\Hub\Editor\2020.3.26f1\Editor\Unity.exe
-adb2
-batchMode
-noUpm
-name
AssetImportWorker1
-projectPath
C:/GamesCreated/Nature-Guardian
-logFile
Logs/AssetImportWorker1.log
-srvPort
54215
Successfully changed project path to: C:/GamesCreated/Nature-Guardian
C:/GamesCreated/Nature-Guardian
Using Asset Import Pipeline V2.
Refreshing native plugins compatible for Editor in 55.82 ms, found 2 plugins.
Preloading 0 native plugins for Editor in 0.00 ms.
Initialize engine version: 2020.3.26f1 (7298b473bc1a)
[Subsystems] Discovering subsystems at path C:/Program Files/Unity/Hub/Editor/2020.3.26f1/Editor/Data/Resources/UnitySubsystems
[Subsystems] Discovering subsystems at path C:/GamesCreated/Nature-Guardian/Assets
GfxDevice: creating device client; threaded=0
Direct3D:
    Version:  Direct3D 11.0 [level 11.1]
    Renderer: NVIDIA GeForce RTX 4060 Ti (ID=0x2803)
    Vendor:   
    VRAM:     7949 MB
    Driver:   32.0.15.6070
Initialize mono
Mono path[0] = 'C:/Program Files/Unity/Hub/Editor/2020.3.26f1/Editor/Data/Managed'
Mono path[1] = 'C:/Program Files/Unity/Hub/Editor/2020.3.26f1/Editor/Data/MonoBleedingEdge/lib/mono/unityjit'
Mono config path = 'C:/Program Files/Unity/Hub/Editor/2020.3.26f1/Editor/Data/MonoBleedingEdge/etc'
Using monoOptions --debugger-agent=transport=dt_socket,embedding=1,server=y,suspend=n,address=127.0.0.1:56988
Begin MonoManager ReloadAssembly
Registering precompiled unity dll's ...
Register platform support module: C:/Program Files/Unity/Hub/Editor/2020.3.26f1/Editor/Data/PlaybackEngines/WebGLSupport/UnityEditor.WebGL.Extensions.dll
Register platform support module: C:/Program Files/Unity/Hub/Editor/2020.3.26f1/Editor/Data/PlaybackEngines/WindowsStandaloneSupport/UnityEditor.WindowsStandalone.Extensions.dll
Registered in 0.010351 seconds.
Native extension for WindowsStandalone target not found
Native extension for WebGL target not found
Refreshing native plugins compatible for Editor in 51.52 ms, found 2 plugins.
Preloading 0 native plugins for Editor in 0.00 ms.
Mono: successfully reloaded assembly
- Completed reload, in  1.088 seconds
Domain Reload Profiling:
	ReloadAssembly (1089ms)
		BeginReloadAssembly (166ms)
			ExecutionOrderSort (0ms)
			DisableScriptedObjects (0ms)
			BackupInstance (0ms)
			ReleaseScriptingObjects (0ms)
			CreateAndSetChildDomain (1ms)
		EndReloadAssembly (759ms)
			LoadAssemblies (158ms)
			RebuildTransferFunctionScriptingTraits (0ms)
			SetupTypeCache (264ms)
			ReleaseScriptCaches (0ms)
			RebuildScriptCaches (42ms)
			SetupLoadedEditorAssemblies (257ms)
				LogAssemblyErrors (0ms)
				InitializePlatformSupportModulesInManaged (10ms)
				SetLoadedEditorAssemblies (0ms)
				RefreshPlugins (52ms)
				BeforeProcessingInitializeOnLoad (22ms)
				ProcessInitializeOnLoadAttributes (131ms)
				ProcessInitializeOnLoadMethodAttributes (42ms)
				AfterProcessingInitializeOnLoad (0ms)
				EditorAssembliesLoaded (0ms)
			ExecutionOrderSort2 (0ms)
			AwakeInstancesAfterBackupRestoration (0ms)
Platform modules already initialized, skipping
Registering precompiled user dll's ...
Registered in 0.015065 seconds.
Begin MonoManager ReloadAssembly
Native extension for WindowsStandalone target not found
Native extension for WebGL target not found
Refreshing native plugins compatible for Editor in 0.45 ms, found 2 plugins.
Preloading 0 native plugins for Editor in 0.00 ms.
Mono: successfully reloaded assembly
- Completed reload, in  1.778 seconds
Domain Reload Profiling:
	ReloadAssembly (1780ms)
		BeginReloadAssembly (248ms)
			ExecutionOrderSort (0ms)
			DisableScriptedObjects (8ms)
			BackupInstance (0ms)
			ReleaseScriptingObjects (0ms)
			CreateAndSetChildDomain (27ms)
		EndReloadAssembly (1409ms)
			LoadAssemblies (186ms)
			RebuildTransferFunctionScriptingTraits (0ms)
			SetupTypeCache (508ms)
			ReleaseScriptCaches (0ms)
			RebuildScriptCaches (71ms)
			SetupLoadedEditorAssemblies (536ms)
				LogAssemblyErrors (0ms)
				InitializePlatformSupportModulesInManaged (10ms)
				SetLoadedEditorAssemblies (1ms)
				RefreshPlugins (1ms)
				BeforeProcessingInitializeOnLoad (157ms)
				ProcessInitializeOnLoadAttributes (323ms)
				ProcessInitializeOnLoadMethodAttributes (13ms)
				AfterProcessingInitializeOnLoad (32ms)
				EditorAssembliesLoaded (0ms)
			ExecutionOrderSort2 (0ms)
			AwakeInstancesAfterBackupRestoration (9ms)
Platform modules already initialized, skipping
========================================================================
Worker process is ready to serve import requests
Launched and connected shader compiler UnityShaderCompiler.exe after 0.09 seconds
Refreshing native plugins compatible for Editor in 0.24 ms, found 2 plugins.
Preloading 0 native plugins for Editor in 0.00 ms.
Unloading 1509 Unused Serialized files (Serialized files now loaded: 0)
System memory in use before: 80.2 MB.
System memory in use after: 80.2 MB.

Unloading 20 unused Assets to reduce memory usage. Loaded Objects now: 1955.
Total: 1.962900 ms (FindLiveObjects: 0.123400 ms CreateObjectMapping: 0.074500 ms MarkObjects: 1.684800 ms  DeleteObjects: 0.079100 ms)

AssetImportParameters requested are different than current active one (requested -> active):
  custom:framework-win-MediaFoundation: 216162199b28c13a410421893ffa2e32 -> 
  custom:video-decoder-ogg-theora: a1e56fd34408186e4bbccfd4996cb3dc -> 
  custom:container-muxer-webm: aa71ff27fc2769a1b78a27578f13a17b -> 
  custom:container-demuxer-webm: 4f35f7cbe854078d1ac9338744f61a02 -> 
  custom:container-demuxer-ogg: 62fdf1f143b41e24485cea50d1cbac27 -> 
  custom:video-encoder-webm-vp8: eb34c28f22e8b96e1ab97ce403110664 -> 
  custom:video-decoder-webm-vp8: 9c59270c3fd7afecdb556c50c9e8de78 -> 
  custom:audio-decoder-ogg-vorbis: bf7c407c2cedff20999df2af8eb42d56 -> 
  custom:audio-encoder-webm-vorbis: bf7c407c2cedff20999df2af8eb42d56 -> 
========================================================================
Received Import Request.
  path: Assets/woodWorkerDotPrefab.prefab
  artifactKey: Guid(39d432a8da507ec4d981e8d8150078e5) Importer(815301076,1909f56bfc062723c751e8b465ee728b)
Start importing Assets/woodWorkerDotPrefab.prefab using Guid(39d432a8da507ec4d981e8d8150078e5) Importer(815301076,1909f56bfc062723c751e8b465ee728b)  -> (artifact id: '00a717bcaf1b050238d79af7f21e50dc') in 0.076439 seconds 
  Import took 0.079181 seconds .

========================================================================
Received Import Request.
  Time since last request: 14.784916 seconds.
  path: Assets/workerNumberCanvas 2.prefab
  artifactKey: Guid(b99d1d35f342d8543a70fc37e58c4254) Importer(815301076,1909f56bfc062723c751e8b465ee728b)
Start importing Assets/workerNumberCanvas 2.prefab using Guid(b99d1d35f342d8543a70fc37e58c4254) Importer(815301076,1909f56bfc062723c751e8b465ee728b)  -> (artifact id: '5ab0d37ee0854a8c972f32ee018d3048') in 0.018086 seconds 
  Import took 0.021992 seconds .

========================================================================
Received Import Request.
  Time since last request: 0.000188 seconds.
  path: Assets/New Terrain.asset
  artifactKey: Guid(d6d4277e46e46d949856bd179fac5082) Importer(815301076,1909f56bfc062723c751e8b465ee728b)
Start importing Assets/New Terrain.asset using Guid(d6d4277e46e46d949856bd179fac5082) Importer(815301076,1909f56bfc062723c751e8b465ee728b)  -> (artifact id: 'f38bf5c2a5c0401696851bb52581e463') in 0.012655 seconds 
  Import took 0.015207 seconds .

========================================================================
Received Import Request.
  Time since last request: 1.953712 seconds.
  path: Assets/workerNumberCanvas 3.prefab
  artifactKey: Guid(7b8e0cdf2e09c864cab2c330b3317145) Importer(815301076,1909f56bfc062723c751e8b465ee728b)
Start importing Assets/workerNumberCanvas 3.prefab using Guid(7b8e0cdf2e09c864cab2c330b3317145) Importer(815301076,1909f56bfc062723c751e8b465ee728b)  -> (artifact id: 'fba29773de470a352ade851e1d8e2568') in 0.013220 seconds 
  Import took 0.016629 seconds .

========================================================================
Received Import Request.
  Time since last request: 41.596382 seconds.
  path: Assets/woodWorkerDotPrefab.prefab
  artifactKey: Guid(39d432a8da507ec4d981e8d8150078e5) Importer(815301076,1909f56bfc062723c751e8b465ee728b)
Start importing Assets/woodWorkerDotPrefab.prefab using Guid(39d432a8da507ec4d981e8d8150078e5) Importer(815301076,1909f56bfc062723c751e8b465ee728b)  -> (artifact id: '9eec34f7f2afffa7a56dd21efbe17f1c') in 0.011074 seconds 
  Import took 0.014415 seconds .

========================================================================
Received Import Request.
  Time since last request: 10.210603 seconds.
  path: Assets/woodWorkerDotPrefab 1.prefab
  artifactKey: Guid(d0ee645e2e29fe440b8482337dd46c2e) Importer(815301076,1909f56bfc062723c751e8b465ee728b)
Start importing Assets/woodWorkerDotPrefab 1.prefab using Guid(d0ee645e2e29fe440b8482337dd46c2e) Importer(815301076,1909f56bfc062723c751e8b465ee728b)  -> (artifact id: 'd0145be2ad35eb1681b4015cf6b5463a') in 0.012990 seconds 
  Import took 0.016726 seconds .

========================================================================
Received Import Request.
  Time since last request: 0.470977 seconds.
  path: Assets/woodWorkerDotPrefab 2.prefab
  artifactKey: Guid(b241ca6772b960349b52c3e5c4584ee4) Importer(815301076,1909f56bfc062723c751e8b465ee728b)
Start importing Assets/woodWorkerDotPrefab 2.prefab using Guid(b241ca6772b960349b52c3e5c4584ee4) Importer(815301076,1909f56bfc062723c751e8b465ee728b)  -> (artifact id: '81d73555035cb6c2bdc0f4e264ae142b') in 0.019013 seconds 
  Import took 0.022099 seconds .

========================================================================
Received Import Request.
  Time since last request: 24.317438 seconds.
  path: Assets/woodWorkerDotPrefab 2.prefab
  artifactKey: Guid(b241ca6772b960349b52c3e5c4584ee4) Importer(815301076,1909f56bfc062723c751e8b465ee728b)
Start importing Assets/woodWorkerDotPrefab 2.prefab using Guid(b241ca6772b960349b52c3e5c4584ee4) Importer(815301076,1909f56bfc062723c751e8b465ee728b)  -> (artifact id: '26b1d0a1043c552be0147b572939f4c5') in 0.010130 seconds 
  Import took 0.017032 seconds .

========================================================================
Received Import Request.
  Time since last request: 13.148880 seconds.
  path: Assets/stoneWorkerDotPrefab.prefab
  artifactKey: Guid(b241ca6772b960349b52c3e5c4584ee4) Importer(815301076,1909f56bfc062723c751e8b465ee728b)
Start importing Assets/stoneWorkerDotPrefab.prefab using Guid(b241ca6772b960349b52c3e5c4584ee4) Importer(815301076,1909f56bfc062723c751e8b465ee728b)  -> (artifact id: '1ec1455f6c9f6380b22e1611c48dd328') in 0.015927 seconds 
  Import took 0.019382 seconds .

========================================================================
Received Import Request.
  Time since last request: 20.491198 seconds.
  path: Assets/playerDotPrefab.prefab
  artifactKey: Guid(d0ee645e2e29fe440b8482337dd46c2e) Importer(815301076,1909f56bfc062723c751e8b465ee728b)
Start importing Assets/playerDotPrefab.prefab using Guid(d0ee645e2e29fe440b8482337dd46c2e) Importer(815301076,1909f56bfc062723c751e8b465ee728b)  -> (artifact id: '810cc4a0f736be2c93972b871b59783f') in 0.011754 seconds 
  Import took 0.015904 seconds .

========================================================================
Received Import Request.
  Time since last request: 11.767035 seconds.
  path: Assets/playerDotPrefab.prefab
  artifactKey: Guid(d0ee645e2e29fe440b8482337dd46c2e) Importer(815301076,1909f56bfc062723c751e8b465ee728b)
Start importing Assets/playerDotPrefab.prefab using Guid(d0ee645e2e29fe440b8482337dd46c2e) Importer(815301076,1909f56bfc062723c751e8b465ee728b)  -> (artifact id: '63cadd69817357adad61add5a4514370') in 0.011271 seconds 
  Import took 0.014336 seconds .

========================================================================
Received Prepare
Registering precompiled user dll's ...
Registered in 0.017412 seconds.
Begin MonoManager ReloadAssembly
Native extension for WindowsStandalone target not found
Native extension for WebGL target not found
Refreshing native plugins compatible for Editor in 0.48 ms, found 2 plugins.
Preloading 0 native plugins for Editor in 0.00 ms.
Mono: successfully reloaded assembly
- Completed reload, in  1.653 seconds
Domain Reload Profiling:
	ReloadAssembly (1655ms)
		BeginReloadAssembly (221ms)
			ExecutionOrderSort (0ms)
			DisableScriptedObjects (7ms)
			BackupInstance (0ms)
			ReleaseScriptingObjects (0ms)
			CreateAndSetChildDomain (48ms)
		EndReloadAssembly (1310ms)
			LoadAssemblies (195ms)
			RebuildTransferFunctionScriptingTraits (0ms)
			SetupTypeCache (394ms)
			ReleaseScriptCaches (1ms)
			RebuildScriptCaches (60ms)
			SetupLoadedEditorAssemblies (533ms)
				LogAssemblyErrors (0ms)
				InitializePlatformSupportModulesInManaged (18ms)
				SetLoadedEditorAssemblies (1ms)
				RefreshPlugins (1ms)
				BeforeProcessingInitializeOnLoad (147ms)
				ProcessInitializeOnLoadAttributes (317ms)
				ProcessInitializeOnLoadMethodAttributes (14ms)
				AfterProcessingInitializeOnLoad (35ms)
				EditorAssembliesLoaded (0ms)
			ExecutionOrderSort2 (0ms)
			AwakeInstancesAfterBackupRestoration (16ms)
Platform modules already initialized, skipping
Refreshing native plugins compatible for Editor in 0.96 ms, found 2 plugins.
Preloading 0 native plugins for Editor in 0.00 ms.
Unloading 1504 Unused Serialized files (Serialized files now loaded: 0)
System memory in use before: 80.3 MB.
System memory in use after: 80.3 MB.

Unloading 15 unused Assets to reduce memory usage. Loaded Objects now: 1959.
Total: 7.401200 ms (FindLiveObjects: 0.162900 ms CreateObjectMapping: 0.050900 ms MarkObjects: 7.106700 ms  DeleteObjects: 0.078800 ms)

AssetImportParameters requested are different than current active one (requested -> active):
  custom:framework-win-MediaFoundation: 216162199b28c13a410421893ffa2e32 -> 
  custom:video-decoder-ogg-theora: a1e56fd34408186e4bbccfd4996cb3dc -> 
  custom:container-muxer-webm: aa71ff27fc2769a1b78a27578f13a17b -> 
  custom:container-demuxer-webm: 4f35f7cbe854078d1ac9338744f61a02 -> 
  custom:container-demuxer-ogg: 62fdf1f143b41e24485cea50d1cbac27 -> 
  custom:video-encoder-webm-vp8: eb34c28f22e8b96e1ab97ce403110664 -> 
  custom:video-decoder-webm-vp8: 9c59270c3fd7afecdb556c50c9e8de78 -> 
  custom:audio-decoder-ogg-vorbis: bf7c407c2cedff20999df2af8eb42d56 -> 
  custom:audio-encoder-webm-vorbis: bf7c407c2cedff20999df2af8eb42d56 -> 
========================================================================
Received Import Request.
  Time since last request: 81.304799 seconds.
  path: Assets/GameManager.cs
  artifactKey: Guid(af2b120e064004c40ab6b365c5824174) Importer(815301076,1909f56bfc062723c751e8b465ee728b)
Start importing Assets/GameManager.cs using Guid(af2b120e064004c40ab6b365c5824174) Importer(815301076,1909f56bfc062723c751e8b465ee728b)  -> (artifact id: '804f669b224b8c9924945e33f9bb8fd4') in 0.020780 seconds 
  Import took 0.023787 seconds .

========================================================================
Received Prepare
Registering precompiled user dll's ...
Registered in 0.016515 seconds.
Begin MonoManager ReloadAssembly
Native extension for WindowsStandalone target not found
Native extension for WebGL target not found
Refreshing native plugins compatible for Editor in 0.65 ms, found 2 plugins.
Preloading 0 native plugins for Editor in 0.00 ms.
Mono: successfully reloaded assembly
- Completed reload, in  1.887 seconds
Domain Reload Profiling:
	ReloadAssembly (1888ms)
		BeginReloadAssembly (202ms)
			ExecutionOrderSort (0ms)
			DisableScriptedObjects (7ms)
			BackupInstance (0ms)
			ReleaseScriptingObjects (0ms)
			CreateAndSetChildDomain (45ms)
		EndReloadAssembly (1551ms)
			LoadAssemblies (188ms)
			RebuildTransferFunctionScriptingTraits (0ms)
			SetupTypeCache (471ms)
			ReleaseScriptCaches (2ms)
			RebuildScriptCaches (69ms)
			SetupLoadedEditorAssemblies (666ms)
				LogAssemblyErrors (0ms)
				InitializePlatformSupportModulesInManaged (11ms)
				SetLoadedEditorAssemblies (1ms)
				RefreshPlugins (1ms)
				BeforeProcessingInitializeOnLoad (198ms)
				ProcessInitializeOnLoadAttributes (400ms)
				ProcessInitializeOnLoadMethodAttributes (15ms)
				AfterProcessingInitializeOnLoad (39ms)
				EditorAssembliesLoaded (0ms)
			ExecutionOrderSort2 (0ms)
			AwakeInstancesAfterBackupRestoration (11ms)
Platform modules already initialized, skipping
Refreshing native plugins compatible for Editor in 0.49 ms, found 2 plugins.
Preloading 0 native plugins for Editor in 0.00 ms.
Unloading 1504 Unused Serialized files (Serialized files now loaded: 0)
System memory in use before: 80.3 MB.
System memory in use after: 80.4 MB.

Unloading 15 unused Assets to reduce memory usage. Loaded Objects now: 1961.
Total: 6.261200 ms (FindLiveObjects: 0.399900 ms CreateObjectMapping: 0.055800 ms MarkObjects: 5.534700 ms  DeleteObjects: 0.268700 ms)

AssetImportParameters requested are different than current active one (requested -> active):
  custom:framework-win-MediaFoundation: 216162199b28c13a410421893ffa2e32 -> 
  custom:video-decoder-ogg-theora: a1e56fd34408186e4bbccfd4996cb3dc -> 
  custom:container-muxer-webm: aa71ff27fc2769a1b78a27578f13a17b -> 
  custom:container-demuxer-webm: 4f35f7cbe854078d1ac9338744f61a02 -> 
  custom:container-demuxer-ogg: 62fdf1f143b41e24485cea50d1cbac27 -> 
  custom:video-encoder-webm-vp8: eb34c28f22e8b96e1ab97ce403110664 -> 
  custom:video-decoder-webm-vp8: 9c59270c3fd7afecdb556c50c9e8de78 -> 
  custom:audio-decoder-ogg-vorbis: bf7c407c2cedff20999df2af8eb42d56 -> 
  custom:audio-encoder-webm-vorbis: bf7c407c2cedff20999df2af8eb42d56 -> 
AssetImportWorkerClient::OnTransportError - code=2 error=End of file
